<?xml version="1.0" encoding="UTF-8"?>
<testsuite name="edu.coursera.parallel.OneDimAveragingPhaserTest" time="157.935" tests="1" errors="0" skipped="0" failures="1">
  <properties>
[...]
</properties>
  <testcase name="testFuzzyBarrier" classname="edu.coursera.parallel.OneDimAveragingPhaserTest" time="157.935">
    <failure message="Mismatch on output at element 2089491 expected:&lt;4.9E-324&gt; but was:&lt;0.0&gt;" type="junit.framework.AssertionFailedError"><![CDATA[junit.framework.AssertionFailedError: Mismatch on output at element 2089491 expected:<4.9E-324> but was:<0.0>
	at junit.framework.Assert.fail(Assert.java:47)
	at junit.framework.Assert.failNotEquals(Assert.java:280)
	at junit.framework.Assert.assertEquals(Assert.java:64)
	at edu.coursera.parallel.OneDimAveragingPhaserTest.checkResult(OneDimAveragingPhaserTest.java:92)
	at edu.coursera.parallel.OneDimAveragingPhaserTest.parTestHelper(OneDimAveragingPhaserTest.java:122)
	at edu.coursera.parallel.OneDimAveragingPhaserTest.testFuzzyBarrier(OneDimAveragingPhaserTest.java:139)
]]></failure>
  </testcase>
</testsuite>